<?xml version="1.0" encoding="UTF-8"?>
<!-- Generated by org.testng.reporters.JUnitReportReporter -->
<testsuite hostname="NBMHQA577.local" failures="0" tests="1" name="com.youtube.music.test.SignInTest" time="9.363" errors="0" timestamp="2021-11-16T23:11:14 WIB" skipped="0">
  <testcase classname="com.youtube.music.test.SignInTest" name="signInTest" time="9.363"/>
  <system-out/>
</testsuite> <!-- com.youtube.music.test.SignInTest -->
