<?xml version="1.0" encoding="UTF-8"?>
<!-- Generated by org.testng.reporters.JUnitReportReporter -->
<testsuite hostname="NBMHQA577.local" failures="0" tests="2" name="com.youtube.music.test.SearchSong" time="19.097" errors="0" timestamp="2021-11-17T01:30:34 WIB" skipped="0">
  <testcase classname="com.youtube.music.test.SearchSong" name="searchSong" time="12.309"/>
  <system-out/>
  <testcase classname="com.youtube.music.test.SearchSong" name="searchNotExistSong" time="6.788"/>
  <system-out/>
</testsuite> <!-- com.youtube.music.test.SearchSong -->
