<?xml version="1.0" encoding="UTF-8"?>
<!-- Generated by org.testng.reporters.JUnitReportReporter -->
<testsuite hostname="NBMHQA577.local" failures="0" tests="1" name="com.youtube.music.test.PlaySong" time="37.647" errors="0" timestamp="2021-11-17T21:09:36 WIB" skipped="0">
  <testcase classname="com.youtube.music.test.PlaySong" name="playPreviousSong" time="37.647"/>
  <system-out/>
</testsuite> <!-- com.youtube.music.test.PlaySong -->
