<?xml version="1.0" encoding="UTF-8"?>
<!-- Generated by org.testng.reporters.JUnitReportReporter -->
<testsuite hostname="NBMHQA577.local" failures="0" tests="1" name="com.youtube.music.test.SearchSong" time="16.779" errors="0" timestamp="2021-11-17T20:04:12 WIB" skipped="0">
  <testcase classname="com.youtube.music.test.SearchSong" name="searchPlaylist" time="16.779"/>
  <system-out/>
</testsuite> <!-- com.youtube.music.test.SearchSong -->
