<?xml version="1.0" encoding="UTF-8"?>
<!-- Generated by org.testng.reporters.JUnitReportReporter -->
<testsuite hostname="NBMHQA577.local" failures="0" tests="1" name="com.youtube.music.test.PlaySong" time="46.927" errors="0" timestamp="2021-11-18T10:01:26 WIB" skipped="0">
  <testcase classname="com.youtube.music.test.PlaySong" name="repeatPlaylist" time="46.927"/>
  <system-out/>
</testsuite> <!-- com.youtube.music.test.PlaySong -->
